This is pdfTeX, Version 3.14159265-2.6-1.40.19 (MiKTeX 2.9.6880 64-bit) (preloaded format=pdflatex 2018.11.13)  22 APR 2019 19:31
entering extended mode
**"./TP2 Electro.tex"
("TP2 Electro.tex"
LaTeX2e <2018-04-01> patch level 5
(C:\Users\flori\Documents\LaTeX\tex\latex\base\article.cls
Document Class: article 2014/09/29 v1.4h Standard LaTeX document class
(C:\Users\flori\Documents\LaTeX\tex\latex\base\size10.clo
File: size10.clo 2014/09/29 v1.4h Standard LaTeX file (size option)
)
\c@part=\count80
\c@section=\count81
\c@subsection=\count82
\c@subsubsection=\count83
\c@paragraph=\count84
\c@subparagraph=\count85
\c@figure=\count86
\c@table=\count87
\abovecaptionskip=\skip41
\belowcaptionskip=\skip42
\bibindent=\dimen102
)
(C:\Users\flori\Documents\LaTeX\tex\latex\base\inputenc.sty
Package: inputenc 2018/04/06 v1.3b Input encoding file
\inpenc@prehook=\toks14
\inpenc@posthook=\toks15
)
(C:\Users\flori\Documents\LaTeX\tex\generic\babel\babel.sty
Package: babel 2018/10/16 3.26 The Babel package

(C:\Users\flori\Documents\LaTeX\tex\generic\babel\switch.def
File: switch.def 2018/10/16 3.26 Babel switching mechanism
)
*************************************
* Local config file bblopts.cfg used
*
(C:\Users\flori\Documents\LaTeX\tex\latex\arabi\bblopts.cfg
File: bblopts.cfg 2005/09/08 v0.1 add Arabic and Farsi to "declared" options of
 babel
)
(C:\Users\flori\Documents\LaTeX\tex\latex\babel-spanish\spanish.ldf
Language: spanish.ldf 2016/03/03 v5.0p Spanish support from the babel system

(C:\Users\flori\Documents\LaTeX\tex\generic\babel\babel.def
File: babel.def 2018/10/16 3.26 Babel common definitions
\babel@savecnt=\count88
\U@D=\dimen103

(C:\Users\flori\Documents\LaTeX\tex\generic\babel\txtbabel.def)
\bbl@dirlevel=\count89
)
\es@quottoks=\toks16
\es@quotdepth=\count90
Package babel Info: Making " an active character on input line 561.
Package babel Info: Making . an active character on input line 662.
Package babel Info: Making < an active character on input line 707.
Package babel Info: Making > an active character on input line 707.
))
(C:\Users\flori\Documents\LaTeX\tex\latex\amsmath\amsmath.sty
Package: amsmath 2017/09/02 v2.17a AMS math features
\@mathmargin=\skip43

For additional information on amsmath, use the `?' option.
(C:\Users\flori\Documents\LaTeX\tex\latex\amsmath\amstext.sty
Package: amstext 2000/06/29 v2.01 AMS text

(C:\Users\flori\Documents\LaTeX\tex\latex\amsmath\amsgen.sty
File: amsgen.sty 1999/11/30 v2.0 generic functions
\@emptytoks=\toks17
\ex@=\dimen104
))
(C:\Users\flori\Documents\LaTeX\tex\latex\amsmath\amsbsy.sty
Package: amsbsy 1999/11/29 v1.2d Bold Symbols
\pmbraise@=\dimen105
)
(C:\Users\flori\Documents\LaTeX\tex\latex\amsmath\amsopn.sty
Package: amsopn 2016/03/08 v2.02 operator names
)
\inf@bad=\count91
LaTeX Info: Redefining \frac on input line 213.
\uproot@=\count92
\leftroot@=\count93
LaTeX Info: Redefining \overline on input line 375.
\classnum@=\count94
\DOTSCASE@=\count95
LaTeX Info: Redefining \ldots on input line 472.
LaTeX Info: Redefining \dots on input line 475.
LaTeX Info: Redefining \cdots on input line 596.
\Mathstrutbox@=\box26
\strutbox@=\box27
\big@size=\dimen106
LaTeX Font Info:    Redeclaring font encoding OML on input line 712.
LaTeX Font Info:    Redeclaring font encoding OMS on input line 713.
\macc@depth=\count96
\c@MaxMatrixCols=\count97
\dotsspace@=\muskip10
\c@parentequation=\count98
\dspbrk@lvl=\count99
\tag@help=\toks18
\row@=\count100
\column@=\count101
\maxfields@=\count102
\andhelp@=\toks19
\eqnshift@=\dimen107
\alignsep@=\dimen108
\tagshift@=\dimen109
\tagwidth@=\dimen110
\totwidth@=\dimen111
\lineht@=\dimen112
\@envbody=\toks20
\multlinegap=\skip44
\multlinetaggap=\skip45
\mathdisplay@stack=\toks21
LaTeX Info: Redefining \[ on input line 2817.
LaTeX Info: Redefining \] on input line 2818.
)
(C:\Users\flori\Documents\LaTeX\tex\latex\amsfonts\amsfonts.sty
Package: amsfonts 2013/01/14 v3.01 Basic AMSFonts support
\symAMSa=\mathgroup4
\symAMSb=\mathgroup5
LaTeX Font Info:    Overwriting math alphabet `\mathfrak' in version `bold'
(Font)                  U/euf/m/n --> U/euf/b/n on input line 106.
)
(C:\Users\flori\Documents\LaTeX\tex\latex\amsfonts\amssymb.sty
Package: amssymb 2013/01/14 v3.01 AMS font symbols
)
(C:\Users\flori\Documents\LaTeX\tex\latex\float\float.sty
Package: float 2001/11/08 v1.3d Float enhancements (AL)
\c@float@type=\count103
\float@exts=\toks22
\float@box=\box28
\@float@everytoks=\toks23
\@floatcapt=\box29
)
(C:\Users\flori\Documents\LaTeX\tex\latex\graphics\graphicx.sty
Package: graphicx 2017/06/01 v1.1a Enhanced LaTeX Graphics (DPC,SPQR)

(C:\Users\flori\Documents\LaTeX\tex\latex\graphics\keyval.sty
Package: keyval 2014/10/28 v1.15 key=value parser (DPC)
\KV@toks@=\toks24
)
(C:\Users\flori\Documents\LaTeX\tex\latex\graphics\graphics.sty
Package: graphics 2017/06/25 v1.2c Standard LaTeX Graphics (DPC,SPQR)

(C:\Users\flori\Documents\LaTeX\tex\latex\graphics\trig.sty
Package: trig 2016/01/03 v1.10 sin cos tan (DPC)
)
(C:\Users\flori\Documents\LaTeX\tex\latex\graphics-cfg\graphics.cfg
File: graphics.cfg 2016/06/04 v1.11 sample graphics configuration
)
Package graphics Info: Driver file: pdftex.def on input line 99.

(C:\Users\flori\Documents\LaTeX\tex\latex\graphics-def\pdftex.def
File: pdftex.def 2018/01/08 v1.0l Graphics/color driver for pdftex
))
\Gin@req@height=\dimen113
\Gin@req@width=\dimen114
)
(C:\Users\flori\Documents\LaTeX\tex\latex\circuitikz\circuitikz.sty
Package: circuitikz 2017/05/28{} The CircuiTikz circuit drawing package version
 0.8.3

(C:\Users\flori\Documents\LaTeX\tex\latex\pgf\frontendlayer\tikz.sty
(C:\Users\flori\Documents\LaTeX\tex\latex\pgf\basiclayer\pgf.sty
(C:\Users\flori\Documents\LaTeX\tex\latex\pgf\utilities\pgfrcs.sty
(C:\Users\flori\Documents\LaTeX\tex\generic\pgf\utilities\pgfutil-common.tex
\pgfutil@everybye=\toks25
\pgfutil@tempdima=\dimen115
\pgfutil@tempdimb=\dimen116

(C:\Users\flori\Documents\LaTeX\tex\generic\pgf\utilities\pgfutil-common-lists.
tex))
(C:\Users\flori\Documents\LaTeX\tex\generic\pgf\utilities\pgfutil-latex.def
\pgfutil@abb=\box30

(C:\Users\flori\Documents\LaTeX\tex\latex\ms\everyshi.sty
Package: everyshi 2001/05/15 v3.00 EveryShipout Package (MS)
))
(C:\Users\flori\Documents\LaTeX\tex\generic\pgf\utilities\pgfrcs.code.tex
Package: pgfrcs 2015/08/07 v3.0.1a (rcs-revision 1.31)
))
Package: pgf 2015/08/07 v3.0.1a (rcs-revision 1.15)

(C:\Users\flori\Documents\LaTeX\tex\latex\pgf\basiclayer\pgfcore.sty
(C:\Users\flori\Documents\LaTeX\tex\latex\pgf\systemlayer\pgfsys.sty
(C:\Users\flori\Documents\LaTeX\tex\generic\pgf\systemlayer\pgfsys.code.tex
Package: pgfsys 2014/07/09 v3.0.1a (rcs-revision 1.48)

(C:\Users\flori\Documents\LaTeX\tex\generic\pgf\utilities\pgfkeys.code.tex
\pgfkeys@pathtoks=\toks26
\pgfkeys@temptoks=\toks27

(C:\Users\flori\Documents\LaTeX\tex\generic\pgf\utilities\pgfkeysfiltered.code.
tex
\pgfkeys@tmptoks=\toks28
))
\pgf@x=\dimen117
\pgf@y=\dimen118
\pgf@xa=\dimen119
\pgf@ya=\dimen120
\pgf@xb=\dimen121
\pgf@yb=\dimen122
\pgf@xc=\dimen123
\pgf@yc=\dimen124
\w@pgf@writea=\write3
\r@pgf@reada=\read1
\c@pgf@counta=\count104
\c@pgf@countb=\count105
\c@pgf@countc=\count106
\c@pgf@countd=\count107
\t@pgf@toka=\toks29
\t@pgf@tokb=\toks30
\t@pgf@tokc=\toks31
 (C:\Users\flori\Documents\LaTeX\tex\generic\pgf\systemlayer\pgf.cfg
File: pgf.cfg 2008/05/14  (rcs-revision 1.7)
)
Driver file for pgf: pgfsys-pdftex.def

(C:\Users\flori\Documents\LaTeX\tex\generic\pgf\systemlayer\pgfsys-pdftex.def
File: pgfsys-pdftex.def 2014/10/11  (rcs-revision 1.35)

(C:\Users\flori\Documents\LaTeX\tex\generic\pgf\systemlayer\pgfsys-common-pdf.d
ef
File: pgfsys-common-pdf.def 2013/10/10  (rcs-revision 1.13)
)))
(C:\Users\flori\Documents\LaTeX\tex\generic\pgf\systemlayer\pgfsyssoftpath.code
.tex
File: pgfsyssoftpath.code.tex 2013/09/09  (rcs-revision 1.9)
\pgfsyssoftpath@smallbuffer@items=\count108
\pgfsyssoftpath@bigbuffer@items=\count109
)
(C:\Users\flori\Documents\LaTeX\tex\generic\pgf\systemlayer\pgfsysprotocol.code
.tex
File: pgfsysprotocol.code.tex 2006/10/16  (rcs-revision 1.4)
)) (C:\Users\flori\Documents\LaTeX\tex\latex\xcolor\xcolor.sty
Package: xcolor 2016/05/11 v2.12 LaTeX color extensions (UK)

(C:\Users\flori\Documents\LaTeX\tex\latex\graphics-cfg\color.cfg
File: color.cfg 2016/01/02 v1.6 sample color configuration
)
Package xcolor Info: Driver file: pdftex.def on input line 225.
Package xcolor Info: Model `cmy' substituted by `cmy0' on input line 1348.
Package xcolor Info: Model `hsb' substituted by `rgb' on input line 1352.
Package xcolor Info: Model `RGB' extended on input line 1364.
Package xcolor Info: Model `HTML' substituted by `rgb' on input line 1366.
Package xcolor Info: Model `Hsb' substituted by `hsb' on input line 1367.
Package xcolor Info: Model `tHsb' substituted by `hsb' on input line 1368.
Package xcolor Info: Model `HSB' substituted by `hsb' on input line 1369.
Package xcolor Info: Model `Gray' substituted by `gray' on input line 1370.
Package xcolor Info: Model `wave' substituted by `hsb' on input line 1371.
)
(C:\Users\flori\Documents\LaTeX\tex\generic\pgf\basiclayer\pgfcore.code.tex
Package: pgfcore 2010/04/11 v3.0.1a (rcs-revision 1.7)

(C:\Users\flori\Documents\LaTeX\tex\generic\pgf\math\pgfmath.code.tex
(C:\Users\flori\Documents\LaTeX\tex\generic\pgf\math\pgfmathcalc.code.tex
(C:\Users\flori\Documents\LaTeX\tex\generic\pgf\math\pgfmathutil.code.tex)
(C:\Users\flori\Documents\LaTeX\tex\generic\pgf\math\pgfmathparser.code.tex
\pgfmath@dimen=\dimen125
\pgfmath@count=\count110
\pgfmath@box=\box31
\pgfmath@toks=\toks32
\pgfmath@stack@operand=\toks33
\pgfmath@stack@operation=\toks34
)
(C:\Users\flori\Documents\LaTeX\tex\generic\pgf\math\pgfmathfunctions.code.tex
(C:\Users\flori\Documents\LaTeX\tex\generic\pgf\math\pgfmathfunctions.basic.cod
e.tex)
(C:\Users\flori\Documents\LaTeX\tex\generic\pgf\math\pgfmathfunctions.trigonome
tric.code.tex)
(C:\Users\flori\Documents\LaTeX\tex\generic\pgf\math\pgfmathfunctions.random.co
de.tex)
(C:\Users\flori\Documents\LaTeX\tex\generic\pgf\math\pgfmathfunctions.compariso
n.code.tex)
(C:\Users\flori\Documents\LaTeX\tex\generic\pgf\math\pgfmathfunctions.base.code
.tex)
(C:\Users\flori\Documents\LaTeX\tex\generic\pgf\math\pgfmathfunctions.round.cod
e.tex)
(C:\Users\flori\Documents\LaTeX\tex\generic\pgf\math\pgfmathfunctions.misc.code
.tex)
(C:\Users\flori\Documents\LaTeX\tex\generic\pgf\math\pgfmathfunctions.integerar
ithmetics.code.tex)))
(C:\Users\flori\Documents\LaTeX\tex\generic\pgf\math\pgfmathfloat.code.tex
\c@pgfmathroundto@lastzeros=\count111
))
(C:\Users\flori\Documents\LaTeX\tex\generic\pgf\basiclayer\pgfcorepoints.code.t
ex
File: pgfcorepoints.code.tex 2013/10/07  (rcs-revision 1.27)
\pgf@picminx=\dimen126
\pgf@picmaxx=\dimen127
\pgf@picminy=\dimen128
\pgf@picmaxy=\dimen129
\pgf@pathminx=\dimen130
\pgf@pathmaxx=\dimen131
\pgf@pathminy=\dimen132
\pgf@pathmaxy=\dimen133
\pgf@xx=\dimen134
\pgf@xy=\dimen135
\pgf@yx=\dimen136
\pgf@yy=\dimen137
\pgf@zx=\dimen138
\pgf@zy=\dimen139
)
(C:\Users\flori\Documents\LaTeX\tex\generic\pgf\basiclayer\pgfcorepathconstruct
.code.tex
File: pgfcorepathconstruct.code.tex 2013/10/07  (rcs-revision 1.29)
\pgf@path@lastx=\dimen140
\pgf@path@lasty=\dimen141
)
(C:\Users\flori\Documents\LaTeX\tex\generic\pgf\basiclayer\pgfcorepathusage.cod
e.tex
File: pgfcorepathusage.code.tex 2014/11/02  (rcs-revision 1.24)
\pgf@shorten@end@additional=\dimen142
\pgf@shorten@start@additional=\dimen143
)
(C:\Users\flori\Documents\LaTeX\tex\generic\pgf\basiclayer\pgfcorescopes.code.t
ex
File: pgfcorescopes.code.tex 2015/05/08  (rcs-revision 1.46)
\pgfpic=\box32
\pgf@hbox=\box33
\pgf@layerbox@main=\box34
\pgf@picture@serial@count=\count112
)
(C:\Users\flori\Documents\LaTeX\tex\generic\pgf\basiclayer\pgfcoregraphicstate.
code.tex
File: pgfcoregraphicstate.code.tex 2014/11/02  (rcs-revision 1.12)
\pgflinewidth=\dimen144
)
(C:\Users\flori\Documents\LaTeX\tex\generic\pgf\basiclayer\pgfcoretransformatio
ns.code.tex
File: pgfcoretransformations.code.tex 2015/08/07  (rcs-revision 1.20)
\pgf@pt@x=\dimen145
\pgf@pt@y=\dimen146
\pgf@pt@temp=\dimen147
)
(C:\Users\flori\Documents\LaTeX\tex\generic\pgf\basiclayer\pgfcorequick.code.te
x
File: pgfcorequick.code.tex 2008/10/09  (rcs-revision 1.3)
)
(C:\Users\flori\Documents\LaTeX\tex\generic\pgf\basiclayer\pgfcoreobjects.code.
tex
File: pgfcoreobjects.code.tex 2006/10/11  (rcs-revision 1.2)
)
(C:\Users\flori\Documents\LaTeX\tex\generic\pgf\basiclayer\pgfcorepathprocessin
g.code.tex
File: pgfcorepathprocessing.code.tex 2013/09/09  (rcs-revision 1.9)
)
(C:\Users\flori\Documents\LaTeX\tex\generic\pgf\basiclayer\pgfcorearrows.code.t
ex
File: pgfcorearrows.code.tex 2015/05/14  (rcs-revision 1.43)
\pgfarrowsep=\dimen148
)
(C:\Users\flori\Documents\LaTeX\tex\generic\pgf\basiclayer\pgfcoreshade.code.te
x
File: pgfcoreshade.code.tex 2013/07/15  (rcs-revision 1.15)
\pgf@max=\dimen149
\pgf@sys@shading@range@num=\count113
)
(C:\Users\flori\Documents\LaTeX\tex\generic\pgf\basiclayer\pgfcoreimage.code.te
x
File: pgfcoreimage.code.tex 2013/07/15  (rcs-revision 1.18)

(C:\Users\flori\Documents\LaTeX\tex\generic\pgf\basiclayer\pgfcoreexternal.code
.tex
File: pgfcoreexternal.code.tex 2014/07/09  (rcs-revision 1.21)
\pgfexternal@startupbox=\box35
))
(C:\Users\flori\Documents\LaTeX\tex\generic\pgf\basiclayer\pgfcorelayers.code.t
ex
File: pgfcorelayers.code.tex 2013/07/18  (rcs-revision 1.7)
)
(C:\Users\flori\Documents\LaTeX\tex\generic\pgf\basiclayer\pgfcoretransparency.
code.tex
File: pgfcoretransparency.code.tex 2013/09/30  (rcs-revision 1.5)
)
(C:\Users\flori\Documents\LaTeX\tex\generic\pgf\basiclayer\pgfcorepatterns.code
.tex
File: pgfcorepatterns.code.tex 2013/11/07  (rcs-revision 1.5)
)))
(C:\Users\flori\Documents\LaTeX\tex\generic\pgf\modules\pgfmoduleshapes.code.te
x
File: pgfmoduleshapes.code.tex 2014/03/21  (rcs-revision 1.35)
\pgfnodeparttextbox=\box36
)
(C:\Users\flori\Documents\LaTeX\tex\generic\pgf\modules\pgfmoduleplot.code.tex
File: pgfmoduleplot.code.tex 2015/08/03  (rcs-revision 1.13)
)
(C:\Users\flori\Documents\LaTeX\tex\latex\pgf\compatibility\pgfcomp-version-0-6
5.sty
Package: pgfcomp-version-0-65 2007/07/03 v3.0.1a (rcs-revision 1.7)
\pgf@nodesepstart=\dimen150
\pgf@nodesepend=\dimen151
)
(C:\Users\flori\Documents\LaTeX\tex\latex\pgf\compatibility\pgfcomp-version-1-1
8.sty
Package: pgfcomp-version-1-18 2007/07/23 v3.0.1a (rcs-revision 1.1)
)) (C:\Users\flori\Documents\LaTeX\tex\latex\pgf\utilities\pgffor.sty
(C:\Users\flori\Documents\LaTeX\tex\latex\pgf\utilities\pgfkeys.sty
(C:\Users\flori\Documents\LaTeX\tex\generic\pgf\utilities\pgfkeys.code.tex))
(C:\Users\flori\Documents\LaTeX\tex\latex\pgf\math\pgfmath.sty
(C:\Users\flori\Documents\LaTeX\tex\generic\pgf\math\pgfmath.code.tex))
(C:\Users\flori\Documents\LaTeX\tex\generic\pgf\utilities\pgffor.code.tex
Package: pgffor 2013/12/13 v3.0.1a (rcs-revision 1.25)

(C:\Users\flori\Documents\LaTeX\tex\generic\pgf\math\pgfmath.code.tex)
\pgffor@iter=\dimen152
\pgffor@skip=\dimen153
\pgffor@stack=\toks35
\pgffor@toks=\toks36
))
(C:\Users\flori\Documents\LaTeX\tex\generic\pgf\frontendlayer\tikz\tikz.code.te
x
Package: tikz 2015/08/07 v3.0.1a (rcs-revision 1.151)

(C:\Users\flori\Documents\LaTeX\tex\generic\pgf\libraries\pgflibraryplothandler
s.code.tex
File: pgflibraryplothandlers.code.tex 2013/08/31 v3.0.1a (rcs-revision 1.20)
\pgf@plot@mark@count=\count114
\pgfplotmarksize=\dimen154
)
\tikz@lastx=\dimen155
\tikz@lasty=\dimen156
\tikz@lastxsaved=\dimen157
\tikz@lastysaved=\dimen158
\tikzleveldistance=\dimen159
\tikzsiblingdistance=\dimen160
\tikz@figbox=\box37
\tikz@figbox@bg=\box38
\tikz@tempbox=\box39
\tikz@tempbox@bg=\box40
\tikztreelevel=\count115
\tikznumberofchildren=\count116
\tikznumberofcurrentchild=\count117
\tikz@fig@count=\count118

(C:\Users\flori\Documents\LaTeX\tex\generic\pgf\modules\pgfmodulematrix.code.te
x
File: pgfmodulematrix.code.tex 2013/09/17  (rcs-revision 1.8)
\pgfmatrixcurrentrow=\count119
\pgfmatrixcurrentcolumn=\count120
\pgf@matrix@numberofcolumns=\count121
)
\tikz@expandcount=\count122

(C:\Users\flori\Documents\LaTeX\tex\generic\pgf\frontendlayer\tikz\libraries\ti
kzlibrarytopaths.code.tex
File: tikzlibrarytopaths.code.tex 2008/06/17 v3.0.1a (rcs-revision 1.2)
)))
(C:\Users\flori\Documents\LaTeX\tex\generic\pgf\frontendlayer\tikz\libraries\ti
kzlibrarycalc.code.tex
File: tikzlibrarycalc.code.tex 2013/07/15 v3.0.1a (rcs-revision 1.9)
)
(C:\Users\flori\Documents\LaTeX\tex\generic\pgf\libraries\pgflibraryarrows.code
.tex
File: pgflibraryarrows.code.tex 2013/09/23 v3.0.1a (rcs-revision 1.16)
\arrowsize=\dimen161
)
(C:\Users\flori\Documents\LaTeX\tex\generic\circuitikz\pgfcirc.defines.tex
\pgf@circ@res@up=\dimen162
\pgf@circ@res@down=\dimen163
\pgf@circ@res@zero=\dimen164
\pgf@circ@res@left=\dimen165
\pgf@circ@res@right=\dimen166
\pgf@circ@res@other=\dimen167
\pgf@circ@res@step=\dimen168
\pgf@circ@res@temp=\dimen169
\pgfstartlinewidth=\dimen170
\pgf@circ@Rlen=\dimen171
)
(C:\Users\flori\Documents\LaTeX\tex\generic\circuitikz\pgfcircutils.tex)
(C:\Users\flori\Documents\LaTeX\tex\generic\circuitikz\pgfcircshapes.tex)
(C:\Users\flori\Documents\LaTeX\tex\generic\circuitikz\pgfcircmonopoles.tex)
(C:\Users\flori\Documents\LaTeX\tex\generic\circuitikz\pgfcircbipoles.tex)
(C:\Users\flori\Documents\LaTeX\tex\generic\circuitikz\pgfcirctripoles.tex)
(C:\Users\flori\Documents\LaTeX\tex\generic\circuitikz\pgfcircquadpoles.tex)
(C:\Users\flori\Documents\LaTeX\tex\generic\circuitikz\pgfcirclabel.tex)
(C:\Users\flori\Documents\LaTeX\tex\generic\circuitikz\pgfcircvoltage.tex)
(C:\Users\flori\Documents\LaTeX\tex\generic\circuitikz\pgfcirccurrent.tex)
(C:\Users\flori\Documents\LaTeX\tex\generic\circuitikz\pgfcircflow.tex)
(C:\Users\flori\Documents\LaTeX\tex\generic\circuitikz\pgfcircpath.tex))
(C:\Users\flori\Documents\LaTeX\tex\latex\fancyhdr\fancyhdr.sty
Package: fancyhdr 2017/06/30 v3.9a Extensive control of page headers and footer
s
\f@nch@headwidth=\skip46
\f@nch@O@elh=\skip47
\f@nch@O@erh=\skip48
\f@nch@O@olh=\skip49
\f@nch@O@orh=\skip50
\f@nch@O@elf=\skip51
\f@nch@O@erf=\skip52
\f@nch@O@olf=\skip53
\f@nch@O@orf=\skip54
)
(C:\Users\flori\Documents\LaTeX\tex\latex\units\units.sty
Package: units 1998/08/04 v0.9b Typesetting units

(C:\Users\flori\Documents\LaTeX\tex\latex\base\ifthen.sty
Package: ifthen 2014/09/29 v1.1c Standard LaTeX ifthen package (DPC)
)
(C:\Users\flori\Documents\LaTeX\tex\latex\units\nicefrac.sty
Package: nicefrac 1998/08/04 v0.9b Nice fractions
\L@UnitsRaiseDisplaystyle=\skip55
\L@UnitsRaiseTextstyle=\skip56
\L@UnitsRaiseScriptstyle=\skip57
)) ("TP2 Electro.aux"
LaTeX Info: Redefining \. on input line 6.
LaTeX Info: Redefining \% on input line 6.
)
\openout1 = `"TP2 Electro.aux"'.

LaTeX Font Info:    Checking defaults for OML/cmm/m/it on input line 27.
LaTeX Font Info:    ... okay on input line 27.
LaTeX Font Info:    Checking defaults for T1/cmr/m/n on input line 27.
LaTeX Font Info:    ... okay on input line 27.
LaTeX Font Info:    Checking defaults for OT1/cmr/m/n on input line 27.
LaTeX Font Info:    ... okay on input line 27.
LaTeX Font Info:    Checking defaults for OMS/cmsy/m/n on input line 27.
LaTeX Font Info:    ... okay on input line 27.
LaTeX Font Info:    Checking defaults for OMX/cmex/m/n on input line 27.
LaTeX Font Info:    ... okay on input line 27.
LaTeX Font Info:    Checking defaults for U/cmr/m/n on input line 27.
LaTeX Font Info:    ... okay on input line 27.
LaTeX Info: Redefining \. on input line 27.
LaTeX Info: Redefining \% on input line 27.
 (C:\Users\flori\Documents\LaTeX\tex\context\base\supp-pdf.mkii
[Loading MPS to PDF converter (version 2006.09.02).]
\scratchcounter=\count123
\scratchdimen=\dimen172
\scratchbox=\box41
\nofMPsegments=\count124
\nofMParguments=\count125
\everyMPshowfont=\toks37
\MPscratchCnt=\count126
\MPscratchDim=\dimen173
\MPnumerator=\count127
\makeMPintoPDFobject=\count128
\everyMPtoPDFconversion=\toks38
) (C:\Users\flori\Documents\LaTeX\tex\latex\oberdiek\epstopdf-base.sty
Package: epstopdf-base 2016/05/15 v2.6 Base part for package epstopdf

(C:\Users\flori\Documents\LaTeX\tex\generic\oberdiek\infwarerr.sty
Package: infwarerr 2016/05/16 v1.4 Providing info/warning/error messages (HO)
)
(C:\Users\flori\Documents\LaTeX\tex\latex\oberdiek\grfext.sty
Package: grfext 2016/05/16 v1.2 Manage graphics extensions (HO)

(C:\Users\flori\Documents\LaTeX\tex\generic\oberdiek\kvdefinekeys.sty
Package: kvdefinekeys 2016/05/16 v1.4 Define keys (HO)

(C:\Users\flori\Documents\LaTeX\tex\generic\oberdiek\ltxcmds.sty
Package: ltxcmds 2016/05/16 v1.23 LaTeX kernel commands for general use (HO)
)))
(C:\Users\flori\Documents\LaTeX\tex\latex\oberdiek\kvoptions.sty
Package: kvoptions 2016/05/16 v3.12 Key value format for package options (HO)

(C:\Users\flori\Documents\LaTeX\tex\generic\oberdiek\kvsetkeys.sty
Package: kvsetkeys 2016/05/16 v1.17 Key value parser (HO)

(C:\Users\flori\Documents\LaTeX\tex\generic\oberdiek\etexcmds.sty
Package: etexcmds 2016/05/16 v1.6 Avoid name clashes with e-TeX commands (HO)

(C:\Users\flori\Documents\LaTeX\tex\generic\oberdiek\ifluatex.sty
Package: ifluatex 2016/05/16 v1.4 Provides the ifluatex switch (HO)
Package ifluatex Info: LuaTeX not detected.
))))
(C:\Users\flori\Documents\LaTeX\tex\generic\oberdiek\pdftexcmds.sty
Package: pdftexcmds 2018/09/10 v0.29 Utility functions of pdfTeX for LuaTeX (HO
)

(C:\Users\flori\Documents\LaTeX\tex\generic\oberdiek\ifpdf.sty
Package: ifpdf 2018/09/07 v3.3 Provides the ifpdf switch
)
Package pdftexcmds Info: LuaTeX not detected.
Package pdftexcmds Info: \pdf@primitive is available.
Package pdftexcmds Info: \pdf@ifprimitive is available.
Package pdftexcmds Info: \pdfdraftmode found.
)
Package epstopdf-base Info: Redefining graphics rule for `.eps' on input line 4
38.
Package grfext Info: Graphics extension search list:
(grfext)             [.pdf,.png,.jpg,.mps,.jpeg,.jbig2,.jb2,.PDF,.PNG,.JPG,.JPE
G,.JBIG2,.JB2,.eps]
(grfext)             \AppendGraphicsExtensions on input line 456.
)
ABD: EveryShipout initializing macros (Caratula.tex

LaTeX Font Warning: Font shape `OT1/cmr/bx/sc' undefined
(Font)              using `OT1/cmr/bx/n' instead on input line 4.

LaTeX Font Info:    Try loading font information for U+msa on input line 9.
(C:\Users\flori\Documents\LaTeX\tex\latex\amsfonts\umsa.fd
File: umsa.fd 2013/01/14 v3.01 AMS symbols A
)
LaTeX Font Info:    Try loading font information for U+msb on input line 9.

(C:\Users\flori\Documents\LaTeX\tex\latex\amsfonts\umsb.fd
File: umsb.fd 2013/01/14 v3.01 AMS symbols B
) [1

{C:/Users/flori/AppData/Local/MiKTeX/2.9/pdftex/config/pdftex.map}]) [1] [2] [3
]
("TP2 Electro.aux"
LaTeX Info: Redefining \. on input line 6.
LaTeX Info: Redefining \% on input line 6.
)

LaTeX Font Warning: Some font shapes were not available, defaults substituted.

 ) 
Here is how much of TeX's memory you used:
 21010 strings out of 492969
 484145 string characters out of 3134553
 610596 words of memory out of 3000000
 24557 multiletter control sequences out of 15000+200000
 17441 words of font info for 67 fonts, out of 3000000 for 9000
 1141 hyphenation exceptions out of 8191
 62i,13n,56p,419b,966s stack positions out of 5000i,500n,10000p,200000b,50000s
<C:/Users/flori/Documents/LaTeX/fonts/type1/public/amsfonts/cm/cmbx10.pfb><C:
/Users/flori/Documents/LaTeX/fonts/type1/public/amsfonts/cm/cmbx12.pfb><C:/User
s/flori/Documents/LaTeX/fonts/type1/public/amsfonts/cm/cmcsc10.pfb><C:/Users/fl
ori/Documents/LaTeX/fonts/type1/public/amsfonts/cm/cmmi10.pfb><C:/Users/flori/D
ocuments/LaTeX/fonts/type1/public/amsfonts/cm/cmmi7.pfb><C:/Users/flori/Documen
ts/LaTeX/fonts/type1/public/amsfonts/cm/cmr10.pfb><C:/Users/flori/Documents/LaT
eX/fonts/type1/public/amsfonts/cm/cmr12.pfb><C:/Users/flori/Documents/LaTeX/fon
ts/type1/public/amsfonts/cm/cmr7.pfb><C:/Users/flori/Documents/LaTeX/fonts/type
1/public/amsfonts/cm/cmsy10.pfb><C:/Users/flori/Documents/LaTeX/fonts/type1/pub
lic/amsfonts/cm/cmti10.pfb><C:/Users/flori/Documents/LaTeX/fonts/type1/public/a
msfonts/cm/cmti12.pfb>
Output written on "TP2 Electro.pdf" (4 pages, 139314 bytes).
PDF statistics:
 62 PDF objects out of 1000 (max. 8388607)
 0 named destinations out of 1000 (max. 500000)
 13 words of extra memory for PDF output out of 10000 (max. 10000000)

